<?xml version="1.0" encoding="UTF-8"?>
<testng-results skipped="0" failed="0" ignored="0" total="1" passed="1">
  <reporter-output>
  </reporter-output>
  <suite name="Default suite" duration-ms="35062" started-at="2020-01-01T14:28:06Z" finished-at="2020-01-01T14:28:41Z">
    <groups>
    </groups>
    <test name="Default test" duration-ms="35062" started-at="2020-01-01T14:28:06Z" finished-at="2020-01-01T14:28:41Z">
      <class name="test.TestNgDemo">
        <test-method status="PASS" signature="setUpTest()[pri:0, instance:test.TestNgDemo@60c6f5b]" name="setUpTest" is-config="true" duration-ms="17308" started-at="2020-01-01T14:28:06Z" finished-at="2020-01-01T14:28:23Z">
          <reporter-output>
          </reporter-output>
        </test-method> <!-- setUpTest -->
        <test-method status="PASS" signature="googleSearch()[pri:0, instance:test.TestNgDemo@60c6f5b]" name="googleSearch" duration-ms="14626" started-at="2020-01-01T14:28:23Z" finished-at="2020-01-01T14:28:38Z">
          <reporter-output>
          </reporter-output>
        </test-method> <!-- googleSearch -->
        <test-method status="PASS" signature="tearDownTest()[pri:0, instance:test.TestNgDemo@60c6f5b]" name="tearDownTest" is-config="true" duration-ms="3061" started-at="2020-01-01T14:28:38Z" finished-at="2020-01-01T14:28:41Z">
          <reporter-output>
          </reporter-output>
        </test-method> <!-- tearDownTest -->
      </class> <!-- test.TestNgDemo -->
    </test> <!-- Default test -->
  </suite> <!-- Default suite -->
</testng-results>
